0 info it worked if it ends with ok
1 verbose cli [ 'C:\\Program Files\\nodejs\\node.exe',
1 verbose cli   'C:\\Users\\jarambide\\AppData\\Roaming\\npm\\node_modules\\npm\\bin\\npm-cli.js',
1 verbose cli   'install',
1 verbose cli   'uglifyjs-webpack-plugin',
1 verbose cli   '--save-dev' ]
2 info using npm@3.7.5
3 info using node@v6.9.2
4 silly loadCurrentTree Starting
5 silly install loadCurrentTree
6 silly install readLocalPackageData
7 silly fetchPackageMetaData uglifyjs-webpack-plugin
8 silly fetchNamedPackageData uglifyjs-webpack-plugin
9 silly mapToRegistry name uglifyjs-webpack-plugin
10 silly mapToRegistry using default registry
11 silly mapToRegistry registry https://registry.npmjs.org/
12 silly mapToRegistry uri https://registry.npmjs.org/uglifyjs-webpack-plugin
13 verbose request uri https://registry.npmjs.org/uglifyjs-webpack-plugin
14 verbose request no auth needed
15 info attempt registry request try #1 at 15:37:23
16 verbose request id 20359032efb6c84a
17 http request GET https://registry.npmjs.org/uglifyjs-webpack-plugin
18 http 200 https://registry.npmjs.org/uglifyjs-webpack-plugin
19 verbose headers { server: 'nginx/1.10.1',
19 verbose headers   'content-type': 'application/json',
19 verbose headers   'last-modified': 'Mon, 15 May 2017 13:06:44 GMT',
19 verbose headers   etag: 'W/"5919a7e4-af0b"',
19 verbose headers   'content-encoding': 'gzip',
19 verbose headers   'cache-control': 'max-age=300',
19 verbose headers   'content-length': '6077',
19 verbose headers   'accept-ranges': 'bytes',
19 verbose headers   date: 'Thu, 18 May 2017 20:37:29 GMT',
19 verbose headers   via: '1.1 varnish',
19 verbose headers   age: '0',
19 verbose headers   connection: 'keep-alive',
19 verbose headers   'x-served-by': 'cache-atl6235-ATL',
19 verbose headers   'x-cache': 'HIT',
19 verbose headers   'x-cache-hits': '1',
19 verbose headers   'x-timer': 'S1495139849.419881,VS0,VE106',
19 verbose headers   vary: 'Accept-Encoding' }
20 silly get cb [ 200,
20 silly get   { server: 'nginx/1.10.1',
20 silly get     'content-type': 'application/json',
20 silly get     'last-modified': 'Mon, 15 May 2017 13:06:44 GMT',
20 silly get     etag: 'W/"5919a7e4-af0b"',
20 silly get     'content-encoding': 'gzip',
20 silly get     'cache-control': 'max-age=300',
20 silly get     'content-length': '6077',
20 silly get     'accept-ranges': 'bytes',
20 silly get     date: 'Thu, 18 May 2017 20:37:29 GMT',
20 silly get     via: '1.1 varnish',
20 silly get     age: '0',
20 silly get     connection: 'keep-alive',
20 silly get     'x-served-by': 'cache-atl6235-ATL',
20 silly get     'x-cache': 'HIT',
20 silly get     'x-cache-hits': '1',
20 silly get     'x-timer': 'S1495139849.419881,VS0,VE106',
20 silly get     vary: 'Accept-Encoding' } ]
21 verbose get saving uglifyjs-webpack-plugin to C:\Users\jarambide\AppData\Roaming\npm-cache\registry.npmjs.org\uglifyjs-webpack-plugin\.cache.json
22 verbose correctMkdir C:\Users\jarambide\AppData\Roaming\npm-cache correctMkdir not in flight; initializing
23 silly install normalizeTree
24 silly loadCurrentTree Finishing
25 silly loadIdealTree Starting
26 silly install loadIdealTree
27 silly cloneCurrentTree Starting
28 silly install cloneCurrentTreeToIdealTree
29 silly cloneCurrentTree Finishing
30 silly loadShrinkwrap Starting
31 silly install loadShrinkwrap
32 silly loadShrinkwrap Finishing
33 silly loadAllDepsIntoIdealTree Starting
34 silly install loadAllDepsIntoIdealTree
35 silly resolveWithNewModule uglifyjs-webpack-plugin@0.4.3 checking installable status
36 silly cache add args [ 'uglifyjs-webpack-plugin', null ]
37 verbose cache add spec uglifyjs-webpack-plugin
38 silly cache add parsed spec Result {
38 silly cache add   raw: 'uglifyjs-webpack-plugin',
38 silly cache add   scope: null,
38 silly cache add   name: 'uglifyjs-webpack-plugin',
38 silly cache add   rawSpec: '',
38 silly cache add   spec: 'latest',
38 silly cache add   type: 'tag' }
39 silly addNamed uglifyjs-webpack-plugin@latest
40 verbose addNamed "latest" is being treated as a dist-tag for uglifyjs-webpack-plugin
41 info addNameTag [ 'uglifyjs-webpack-plugin', 'latest' ]
42 silly mapToRegistry name uglifyjs-webpack-plugin
43 silly mapToRegistry using default registry
44 silly mapToRegistry registry https://registry.npmjs.org/
45 silly mapToRegistry uri https://registry.npmjs.org/uglifyjs-webpack-plugin
46 verbose addNameTag registry:https://registry.npmjs.org/uglifyjs-webpack-plugin not in flight; fetching
47 verbose get https://registry.npmjs.org/uglifyjs-webpack-plugin not expired, no request
48 silly addNameTag next cb for uglifyjs-webpack-plugin with tag latest
49 silly addNamed uglifyjs-webpack-plugin@0.4.3
50 verbose addNamed "0.4.3" is a plain semver version for uglifyjs-webpack-plugin
51 silly mapToRegistry name uglifyjs-webpack-plugin
52 silly mapToRegistry using default registry
53 silly mapToRegistry registry https://registry.npmjs.org/
54 silly mapToRegistry uri https://registry.npmjs.org/uglifyjs-webpack-plugin
55 verbose addRemoteTarball https://registry.npmjs.org/uglifyjs-webpack-plugin/-/uglifyjs-webpack-plugin-0.4.3.tgz not in flight; adding
56 verbose addRemoteTarball [ 'https://registry.npmjs.org/uglifyjs-webpack-plugin/-/uglifyjs-webpack-plugin-0.4.3.tgz',
56 verbose addRemoteTarball   'a672a7d6655f94dfa7e09670d48030f37cc93267' ]
57 info retry fetch attempt 1 at 15:37:24
58 info attempt registry request try #1 at 15:37:24
59 http fetch GET https://registry.npmjs.org/uglifyjs-webpack-plugin/-/uglifyjs-webpack-plugin-0.4.3.tgz
60 http fetch 200 https://registry.npmjs.org/uglifyjs-webpack-plugin/-/uglifyjs-webpack-plugin-0.4.3.tgz
61 warn retry will retry, error on last attempt: Error: EBUSY: resource busy or locked, rename 'C:\Users\JARAMB~1\AppData\Local\Temp\npm-9672-547e0c27\registry.npmjs.org\uglifyjs-webpack-plugin\-\uglifyjs-webpack-plugin-0.4.3.tgz.298008632' -> 'C:\Users\JARAMB~1\AppData\Local\Temp\npm-9672-547e0c27\registry.npmjs.org\uglifyjs-webpack-plugin\-\uglifyjs-webpack-plugin-0.4.3.tgz'
62 verbose stack TypeError: tarball.destroy is not a function
62 verbose stack     at WriteStreamAtomic.<anonymous> (C:\Users\jarambide\AppData\Roaming\npm\node_modules\npm\lib\cache\add-remote-tarball.js:97:15)
62 verbose stack     at emitOne (events.js:101:20)
62 verbose stack     at WriteStreamAtomic.emit (events.js:188:7)
62 verbose stack     at WriteStreamAtomic.emit (C:\Users\jarambide\AppData\Roaming\npm\node_modules\npm\node_modules\fs-write-stream-atomic\index.js:60:34)
62 verbose stack     at C:\Users\jarambide\AppData\Roaming\npm\node_modules\npm\node_modules\fs-write-stream-atomic\index.js:89:19
62 verbose stack     at FSReqWrap.oncomplete (fs.js:123:15)
63 verbose cwd C:\rocoto\htdocs\webpack_angu
64 error Windows_NT 6.1.7601
65 error argv "C:\\Program Files\\nodejs\\node.exe" "C:\\Users\\jarambide\\AppData\\Roaming\\npm\\node_modules\\npm\\bin\\npm-cli.js" "install" "uglifyjs-webpack-plugin" "--save-dev"
66 error node v6.9.2
67 error npm  v3.7.5
68 error tarball.destroy is not a function
69 error If you need help, you may report this error at:
69 error     <https://github.com/npm/npm/issues>
70 verbose exit [ 1, true ]
